Build started 4/30/2015 7:37:27 PM.
     1>Project "C:\Users\Evan Doyle\Desktop\April DRX2\OGL_Repo\DRX_project\DRX_project.vcxproj" on node 2 (Build target(s)).
     1>FxCompile:
         C:\Program Files (x86)\Windows Kits\8.1\bin\x86\fxc.exe /nologo /E"main" /T vs_4_0 /Fh "Instanced_VS.csh" /Fo "C:\Users\Evan Doyle\Desktop\April DRX2\OGL_Repo\x64\Release\Instanced_VS.cso" /Vn "Instanced_VS" Instanced_VS.hlsl 
         compilation header save succeeded; see C:\Users\Evan Doyle\Desktop\April DRX2\OGL_Repo\DRX_project\Instanced_VS.csh
         compilation object save succeeded; see C:\Users\Evan Doyle\Desktop\April DRX2\OGL_Repo\x64\Release\Instanced_VS.cso
       ClCompile:
         C:\Program Files (x86)\Microsoft Visual Studio 12.0\VC\bin\x86_amd64\CL.exe /c /Zi /nologo /W3 /WX- /sdl /O2 /Oi /GL /D WIN32 /D NDEBUG /D _WINDOWS /D _UNICODE /D UNICODE /Gm- /EHsc /MD /GS /Gy /fp:precise /Zc:wchar_t /Zc:forScope /Fo"x64\Release\\" /Fd"x64\Release\vc120.pdb" /Gd /TP /errorReport:prompt DDSTextureLoader.cpp main.cpp ObjLoader.cpp
         DDSTextureLoader.cpp
     1>DDSTextureLoader.cpp(30): warning C4005: '_WIN32_WINNT' : macro redefinition
                 C:\Program Files (x86)\Windows Kits\8.1\Include\shared\sdkddkver.h(200) : see previous definition of '_WIN32_WINNT'
         main.cpp
         ObjLoader.cpp
       Link:
         C:\Program Files (x86)\Microsoft Visual Studio 12.0\VC\bin\x86_amd64\link.exe /ERRORREPORT:PROMPT /OUT:"C:\Users\Evan Doyle\Desktop\April DRX2\OGL_Repo\x64\Release\DRX_project.exe" /INCREMENTAL:NO /NOLOGO kernel32.lib user32.lib gdi32.lib winspool.lib comdlg32.lib advapi32.lib shell32.lib ole32.lib oleaut32.lib uuid.lib odbc32.lib odbccp32.lib /MANIFEST /MANIFESTUAC:"level='asInvoker' uiAccess='false'" /manifest:embed /DEBUG /PDB:"C:\Users\Evan Doyle\Desktop\April DRX2\OGL_Repo\x64\Release\DRX_project.pdb" /SUBSYSTEM:WINDOWS /OPT:REF /OPT:ICF /LTCG /TLBID:1 /DYNAMICBASE /NXCOMPAT /IMPLIB:"C:\Users\Evan Doyle\Desktop\April DRX2\OGL_Repo\x64\Release\DRX_project.lib" /MACHINE:X64 x64\Release\DDSTextureLoader.obj
         x64\Release\main.obj
         x64\Release\ObjLoader.obj
         x64\Release\XTime.obj
         Generating code
         Finished generating code
         DRX_project.vcxproj -> C:\Users\Evan Doyle\Desktop\April DRX2\OGL_Repo\x64\Release\DRX_project.exe
     1>Done Building Project "C:\Users\Evan Doyle\Desktop\April DRX2\OGL_Repo\DRX_project\DRX_project.vcxproj" (Build target(s)).

Build succeeded.

Time Elapsed 00:00:02.71
