Build started 4/16/2015 7:07:38 PM.
     1>Project "C:\Users\Evan Doyle\Desktop\April DRX2\OGL_Repo\DRX_project\DRX_project.vcxproj" on node 2 (Build target(s)).
     1>ClCompile:
         C:\Program Files (x86)\Microsoft Visual Studio 12.0\VC\bin\x86_amd64\CL.exe /c /Zi /nologo /W3 /WX- /sdl /Od /D WIN32 /D _DEBUG /D _WINDOWS /D _UNICODE /D UNICODE /Gm /EHsc /RTC1 /MDd /GS /fp:precise /Zc:wchar_t /Zc:forScope /Fo"x64\Debug\\" /Fd"x64\Debug\vc120.pdb" /Gd /TP /errorReport:prompt main.cpp
         main.cpp
     1>main.cpp(407): warning C4244: '=' : conversion from 'double' to 'float', possible loss of data
     1>main.cpp(409): warning C4244: '=' : conversion from 'double' to 'float', possible loss of data
     1>main.cpp(411): warning C4244: '=' : conversion from 'double' to 'float', possible loss of data
     1>main.cpp(413): warning C4244: '=' : conversion from 'double' to 'float', possible loss of data
     1>main.cpp(415): warning C4244: '=' : conversion from 'double' to 'float', possible loss of data
     1>main.cpp(417): warning C4244: '=' : conversion from 'double' to 'float', possible loss of data
     1>main.cpp(421): warning C4305: 'argument' : truncation from 'double' to 'float'
     1>main.cpp(425): warning C4305: 'argument' : truncation from 'double' to 'float'
     1>main.cpp(429): warning C4305: 'argument' : truncation from 'double' to 'float'
     1>main.cpp(433): warning C4305: 'argument' : truncation from 'double' to 'float'
       Link:
         C:\Program Files (x86)\Microsoft Visual Studio 12.0\VC\bin\x86_amd64\link.exe /ERRORREPORT:PROMPT /OUT:"C:\Users\Evan Doyle\Desktop\April DRX2\OGL_Repo\x64\Debug\DRX_project.exe" /INCREMENTAL /NOLOGO kernel32.lib user32.lib gdi32.lib winspool.lib comdlg32.lib advapi32.lib shell32.lib ole32.lib oleaut32.lib uuid.lib odbc32.lib odbccp32.lib /MANIFEST /MANIFESTUAC:"level='asInvoker' uiAccess='false'" /manifest:embed /DEBUG /PDB:"C:\Users\Evan Doyle\Desktop\April DRX2\OGL_Repo\x64\Debug\DRX_project.pdb" /SUBSYSTEM:WINDOWS /TLBID:1 /DYNAMICBASE /NXCOMPAT /IMPLIB:"C:\Users\Evan Doyle\Desktop\April DRX2\OGL_Repo\x64\Debug\DRX_project.lib" /MACHINE:X64 x64\Debug\DDSTextureLoader.obj
         x64\Debug\main.obj
         x64\Debug\XTime.obj
         DRX_project.vcxproj -> C:\Users\Evan Doyle\Desktop\April DRX2\OGL_Repo\x64\Debug\DRX_project.exe
     1>Done Building Project "C:\Users\Evan Doyle\Desktop\April DRX2\OGL_Repo\DRX_project\DRX_project.vcxproj" (Build target(s)).

Build succeeded.

Time Elapsed 00:00:01.82
